{"name": "Vwo Login Positive test case", "status": "broken", "statusDetails": {"message": "selenium.common.exceptions.TimeoutException: Message: \nStacktrace:\nSymbols not available. Dumping unresolved backtrace:\n\t0x7ff6ecf25715\n\t0x7ff6ecf25770\n\t0x7ff6eccd108d\n\t0x7ff6ecd2c3be\n\t0x7ff6ecd2c6cc\n\t0x7ff6ecd7d2f7\n\t0x7ff6ecd79e45\n\t0x7ff6ecd1cc28\n\t0x7ff6ecd1db33\n\t0x7ff6ed20e9f0\n\t0x7ff6ed208ded\n\t0x7ff6ed22969a\n\t0x7ff6ecf411e5\n\t0x7ff6ecf499cc\n\t0x7ff6ecf2ebf4\n\t0x7ff6ecf2eda6\n\t0x7ff6ecf14e87\n\t0x7ff95d68e8d7\n\t0x7ff95eaac53c", "trace": "setup = <selenium.webdriver.chrome.webdriver.WebDriver (session=\"fd49905f4a0a3249f65781dc4426e6e2\")>\n\n    @allure.title(\"Vwo Login Positive test case\")\n    @allure.description(\"TC#1 Positive test case - Login with valid credentials\")\n    @pytest.mark.negativevwologin\n    def test_vwo_login_positive(setup):\n        driver = setup\n        login_page = LoginPage(driver)\n        login_page.login_to_vwo(usr=os.getenv(\"VALID_USERNAME\"),pwd=os.getenv(\"VALID_PASSWORD\"))\n        dashboard_page = DashboardPage(driver)\n>       user_name = dashboard_page.user_logged_in_text()\n                    ^^^^^^^^^^^^^^^^^^^^^^^^^^^^^^^^^^^^\n\nsrc\\test\\tests\\vwoLogin\\test_vwo_login.py:49: \n_ _ _ _ _ _ _ _ _ _ _ _ _ _ _ _ _ _ _ _ _ _ _ _ _ _ _ _ _ _ _ _ _ _ _ _ _ _ _ _ _ _ _ _ _ _ _ _ _ _ _ _ _ _ _ _ _ _ _ _ _ _ _ _ _ _ _ _ _ _ _ _ _ _\nsrc\\test\\pageObjects\\vwo\\dashboardPage.py:19: in user_logged_in_text\n    webdriver_wait(driver=self.driver,element_tuple=self.user_logged_in,timeout=25)\nsrc\\test\\utils\\common_utils.py:13: in webdriver_wait\n    WebDriverWait(driver=driver,timeout=timeout).until(EC.visibility_of_element_located(element_tuple))\n_ _ _ _ _ _ _ _ _ _ _ _ _ _ _ _ _ _ _ _ _ _ _ _ _ _ _ _ _ _ _ _ _ _ _ _ _ _ _ _ _ _ _ _ _ _ _ _ _ _ _ _ _ _ _ _ _ _ _ _ _ _ _ _ _ _ _ _ _ _ _ _ _ _\n\nself = <selenium.webdriver.support.wait.WebDriverWait (session=\"fd49905f4a0a3249f65781dc4426e6e2\")>\nmethod = <function visibility_of_element_located.<locals>._predicate at 0x000001A5943585E0>, message = ''\n\n    def until(self, method: Callable[[D], Literal[False] | T], message: str = \"\") -> T:\n        \"\"\"Wait until the method returns a value that is not False.\n    \n        Calls the method provided with the driver as an argument until the\n        return value does not evaluate to ``False``.\n    \n        Args:\n            method: A callable object that takes a WebDriver instance as an\n                argument.\n            message: Optional message for TimeoutException.\n    \n        Returns:\n            The result of the last call to `method`.\n    \n        Raises:\n            TimeoutException: If 'method' does not return a truthy value within\n                the WebDriverWait object's timeout.\n    \n        Example:\n            >>> from selenium.webdriver.common.by import By\n            >>> from selenium.webdriver.support.ui import WebDriverWait\n            >>> from selenium.webdriver.support import expected_conditions as EC\n            >>>\n            >>> # Wait until an element is visible on the page\n            >>> wait = WebDriverWait(driver, 10)\n            >>> element = wait.until(EC.visibility_of_element_located((By.ID, \"exampleId\")))\n            >>> print(element.text)\n        \"\"\"\n        screen = None\n        stacktrace = None\n    \n        end_time = time.monotonic() + self._timeout\n        while True:\n            try:\n                value = method(self._driver)\n                if value:\n                    return value\n            except self._ignored_exceptions as exc:\n                screen = getattr(exc, \"screen\", None)\n                stacktrace = getattr(exc, \"stacktrace\", None)\n            if time.monotonic() > end_time:\n                break\n            time.sleep(self._poll)\n>       raise TimeoutException(message, screen, stacktrace)\nE       selenium.common.exceptions.TimeoutException: Message: \nE       Stacktrace:\nE       Symbols not available. Dumping unresolved backtrace:\nE       \t0x7ff6ecf25715\nE       \t0x7ff6ecf25770\nE       \t0x7ff6eccd108d\nE       \t0x7ff6ecd2c3be\nE       \t0x7ff6ecd2c6cc\nE       \t0x7ff6ecd7d2f7\nE       \t0x7ff6ecd79e45\nE       \t0x7ff6ecd1cc28\nE       \t0x7ff6ecd1db33\nE       \t0x7ff6ed20e9f0\nE       \t0x7ff6ed208ded\nE       \t0x7ff6ed22969a\nE       \t0x7ff6ecf411e5\nE       \t0x7ff6ecf499cc\nE       \t0x7ff6ecf2ebf4\nE       \t0x7ff6ecf2eda6\nE       \t0x7ff6ecf14e87\nE       \t0x7ff95d68e8d7\nE       \t0x7ff95eaac53c\n\n.venv\\Lib\\site-packages\\selenium\\webdriver\\support\\wait.py:122: TimeoutException"}, "description": "TC#1 Positive test case - Login with valid credentials", "attachments": [{"name": "stdout", "source": "b33ff12a-6bed-44a1-982b-d178a45cd661-attachment.txt", "type": "text/plain"}], "start": 1769070759484, "stop": 1769070785114, "uuid": "823db95d-3c75-4ee1-b573-131f545689bd", "historyId": "0672f714d2f6b29b59677a378d06b8fe", "testCaseId": "0672f714d2f6b29b59677a378d06b8fe", "fullName": "src.test.tests.vwoLogin.test_vwo_login#test_vwo_login_positive", "labels": [{"name": "tag", "value": "negativevwologin"}, {"name": "parentSuite", "value": "src.test.tests.vwoLogin"}, {"name": "suite", "value": "test_vwo_login"}, {"name": "host", "value": "Satvik"}, {"name": "thread", "value": "18020-MainThread"}, {"name": "framework", "value": "pytest"}, {"name": "language", "value": "cpython3"}, {"name": "package", "value": "src.test.tests.vwoLogin.test_vwo_login"}], "titlePath": ["src", "test", "tests", "vwoLogin", "test_vwo_login.py"]}