{"name": "Dry run of fail test case", "status": "failed", "statusDetails": {"message": "AssertionError: assert True == False", "trace": "@allure.title(\"Dry run of fail test case\")\n    @allure.description(\"TC#2 Dry run of fail test case\")\n    def test_sample_fail():\n        print(\"Hi\")\n>       assert True == False\nE       assert True == False\n\nsrc\\test\\tests\\sample\\test_sample_01.py:16: AssertionError"}, "description": "TC#2 Dry run of fail test case", "attachments": [{"name": "stdout", "source": "5ef78bb1-aecb-4ced-86c4-fcbea3eb37d8-attachment.txt", "type": "text/plain"}], "start": 1768649023739, "stop": 1768649023740, "uuid": "641e9b4f-4103-43a5-9e1f-c1c6f525b77b", "historyId": "6d6a696c3c389f4f91deebfb049bc456", "testCaseId": "6d6a696c3c389f4f91deebfb049bc456", "fullName": "src.test.tests.sample.test_sample_01#test_sample_fail", "labels": [{"name": "parentSuite", "value": "src.test.tests.sample"}, {"name": "suite", "value": "test_sample_01"}, {"name": "host", "value": "Satvik"}, {"name": "thread", "value": "4032-MainThread"}, {"name": "framework", "value": "pytest"}, {"name": "language", "value": "cpython3"}, {"name": "package", "value": "src.test.tests.sample.test_sample_01"}], "titlePath": ["src", "test", "tests", "sample", "test_sample_01.py"]}